This is XeTeX, Version 3.1415926-2.2-0.9995.2 (TeX Live 2009) (format=xelatex 2010.7.2)  17 AUG 2010 17:57
entering extended mode
 file:line:error style messages enabled.
 %&-line parsing enabled.
**main.tex
(./main.tex
LaTeX2e <2009/09/24>
Babel <v3.8l> and hyphenation patterns for english, usenglishmax, dumylang, noh
yphenation, german-x-2009-06-19, ngerman-x-2009-06-19, ancientgreek, ibycus, ar
abic, basque, bulgarian, catalan, pinyin, coptic, croatian, czech, danish, dutc
h, esperanto, estonian, farsi, finnish, french, galician, german, ngerman, mono
greek, greek, hungarian, icelandic, assamese, bengali, gujarati, hindi, kannada
, malayalam, marathi, oriya, panjabi, tamil, telugu, indonesian, interlingua, i
rish, italian, kurmanji, latin, latvian, lithuanian, mongolian, mongolianlmc, b
okmal, nynorsk, polish, portuguese, romanian, russian, sanskrit, serbian, slova
k, slovenian, spanish, swedish, turkish, turkmen, ukenglish, ukrainian, upperso
rbian, welsh, loaded.
(./physics.cls

LaTeX Warning: You have requested document class `physics',
               but the document class provides `amsbook'.

Document Class: amsbook 2009/07/02 v2.20.1
\linespacing=\dimen102
\normalparindent=\dimen103
\normaltopskip=\skip41
(/usr/local/texlive/2009/texmf-dist/tex/latex/amsmath/amsmath.sty
Package: amsmath 2000/07/18 v2.13 AMS math features
\@mathmargin=\skip42

For additional information on amsmath, use the `?' option.
(/usr/local/texlive/2009/texmf-dist/tex/latex/amsmath/amstext.sty
Package: amstext 2000/06/29 v2.01

(/usr/local/texlive/2009/texmf-dist/tex/latex/amsmath/amsgen.sty
File: amsgen.sty 1999/11/30 v2.0
\@emptytoks=\toks14
\ex@=\dimen104
))
(/usr/local/texlive/2009/texmf-dist/tex/latex/amsmath/amsbsy.sty
Package: amsbsy 1999/11/29 v1.2d
\pmbraise@=\dimen105
)
(/usr/local/texlive/2009/texmf-dist/tex/latex/amsmath/amsopn.sty
Package: amsopn 1999/12/14 v2.01 operator names
)
\inf@bad=\count80
LaTeX Info: Redefining \frac on input line 211.
\uproot@=\count81
\leftroot@=\count82
LaTeX Info: Redefining \overline on input line 307.
\classnum@=\count83
\DOTSCASE@=\count84
LaTeX Info: Redefining \ldots on input line 379.
LaTeX Info: Redefining \dots on input line 382.
LaTeX Info: Redefining \cdots on input line 467.
\Mathstrutbox@=\box26
\strutbox@=\box27
\big@size=\dimen106
LaTeX Font Info:    Redeclaring font encoding OML on input line 567.
LaTeX Font Info:    Redeclaring font encoding OMS on input line 568.
\macc@depth=\count85
\c@MaxMatrixCols=\count86
\dotsspace@=\muskip10
\c@parentequation=\count87
\dspbrk@lvl=\count88
\tag@help=\toks15
\row@=\count89
\column@=\count90
\maxfields@=\count91
\andhelp@=\toks16
\eqnshift@=\dimen107
\alignsep@=\dimen108
\tagshift@=\dimen109
\tagwidth@=\dimen110
\totwidth@=\dimen111
\lineht@=\dimen112
\@envbody=\toks17
\multlinegap=\skip43
\multlinetaggap=\skip44
\mathdisplay@stack=\toks18
LaTeX Info: Redefining \[ on input line 2666.
LaTeX Info: Redefining \] on input line 2667.
)
LaTeX Font Info:    Try loading font information for U+msa on input line 367.

(/usr/local/texlive/2009/texmf-dist/tex/latex/amsfonts/umsa.fd
File: umsa.fd 2009/06/22 v3.00 AMS symbols A
)
(/usr/local/texlive/2009/texmf-dist/tex/latex/amsfonts/amsfonts.sty
Package: amsfonts 2009/06/22 v3.00 Basic AMSFonts support
\symAMSa=\mathgroup4
\symAMSb=\mathgroup5
LaTeX Font Info:    Overwriting math alphabet `\mathfrak' in version `bold'
(Font)                  U/euf/m/n --> U/euf/b/n on input line 96.
)
\copyins=\insert233
\abstractbox=\box28
\listisep=\skip45
\c@part=\count92
\c@chapter=\count93
\c@section=\count94
\c@subsection=\count95
\c@subsubsection=\count96
\c@paragraph=\count97
\c@subparagraph=\count98
\c@figure=\count99
\c@table=\count100
\abovecaptionskip=\skip46
\belowcaptionskip=\skip47
\captionindent=\dimen113
\thm@style=\toks19
\thm@bodyfont=\toks20
\thm@headfont=\toks21
\thm@notefont=\toks22
\thm@headpunct=\toks23
\thm@preskip=\skip48
\thm@postskip=\skip49
\thm@headsep=\skip50
\dth@everypar=\toks24
)
(/usr/local/texlive/2009/texmf-dist/tex/latex/amsmath/amscd.sty
Package: amscd 1999/11/29 v1.2d
\athelp@=\toks25
\minaw@=\dimen114
\bigaw@=\dimen115
\minCDarrowwidth=\dimen116
)
(/usr/local/texlive/2009/texmf-dist/tex/latex/geometry/geometry.sty
Package: geometry 2010/03/13 v5.3 Page Geometry

(/usr/local/texlive/2009/texmf-dist/tex/latex/graphics/keyval.sty
Package: keyval 1999/03/16 v1.13 key=value parser (DPC)
\KV@toks@=\toks26
)
(/usr/local/texlive/2009/texmf-dist/tex/generic/oberdiek/ifpdf.sty
Package: ifpdf 2010/01/28 v2.1 Provides the ifpdf switch (HO)
Package ifpdf Info: pdfTeX in pdf mode not detected.
)
(/usr/local/texlive/2009/texmf-dist/tex/generic/oberdiek/ifvtex.sty
Package: ifvtex 2010/03/01 v1.5 Switches for detecting VTeX and its modes (HO)
Package ifvtex Info: VTeX not detected.
)
\Gm@cnth=\count101
\Gm@cntv=\count102
\c@Gm@tempcnt=\count103
\Gm@bindingoffset=\dimen117
\Gm@wd@mp=\dimen118
\Gm@odd@mp=\dimen119
\Gm@even@mp=\dimen120
\Gm@layoutwidth=\dimen121
\Gm@layoutheight=\dimen122
\Gm@layouthoffset=\dimen123
\Gm@layoutvoffset=\dimen124
\Gm@dimlist=\toks27
)
(/usr/local/texlive/2009/texmf-dist/tex/latex/graphics/graphicx.sty
Package: graphicx 1999/02/16 v1.0f Enhanced LaTeX Graphics (DPC,SPQR)

(/usr/local/texlive/2009/texmf-dist/tex/latex/graphics/graphics.sty
Package: graphics 2009/02/05 v1.0o Standard LaTeX Graphics (DPC,SPQR)

(/usr/local/texlive/2009/texmf-dist/tex/latex/graphics/trig.sty
Package: trig 1999/03/16 v1.09 sin cos tan (DPC)
)
(/usr/local/texlive/2009/texmf-dist/tex/latex/latexconfig/graphics.cfg
File: graphics.cfg 2009/08/28 v1.8 graphics configuration of TeX Live
)
Package graphics Info: Driver file: xetex.def on input line 91.

(/usr/local/texlive/2009/texmf-dist/tex/xelatex/xetex-def/xetex.def
File: xetex.def 2009/11/22 v0.94 LaTeX color/graphics driver for XeTeX (RRM/JK)

))
\Gin@req@height=\dimen125
\Gin@req@width=\dimen126
)
(/usr/local/texlive/2009/texmf-dist/tex/latex/amsfonts/amssymb.sty
Package: amssymb 2009/06/22 v3.00
)
(/usr/local/texlive/2009/texmf-dist/tex/xelatex/fontspec/fontspec.sty
Package: fontspec 2008/08/09 v1.18 Advanced font selection for XeLaTeX

(/usr/local/texlive/2009/texmf-dist/tex/generic/ifxetex/ifxetex.sty
Package: ifxetex 2009/01/23 v0.5 Provides ifxetex conditional
)
\c@zf@newff=\count104
\c@zf@index=\count105
\c@zf@script=\count106
\c@zf@language=\count107

(/usr/local/texlive/2009/texmf-dist/tex/latex/tools/calc.sty
Package: calc 2007/08/22 v4.3 Infix arithmetic (KKT,FJ)
\calc@Acount=\count108
\calc@Bcount=\count109
\calc@Adimen=\dimen127
\calc@Bdimen=\dimen128
\calc@Askip=\skip51
\calc@Bskip=\skip52
LaTeX Info: Redefining \setlength on input line 76.
LaTeX Info: Redefining \addtolength on input line 77.
\calc@Ccount=\count110
\calc@Cskip=\skip53
)
(/usr/local/texlive/2009/texmf-dist/tex/latex/xkeyval/xkeyval.sty
Package: xkeyval 2008/08/13 v2.6a package option processing (HA)

(/usr/local/texlive/2009/texmf-dist/tex/generic/xkeyval/xkeyval.tex
\XKV@toks=\toks28
\XKV@tempa@toks=\toks29
\XKV@depth=\count111
File: xkeyval.tex 2008/08/13 v2.6a key=value parser (HA)
))
(/usr/local/texlive/2009/texmf-dist/tex/latex/base/fontenc.sty
Package: fontenc 2005/09/27 v1.99g Standard LaTeX package

(/usr/local/texlive/2009/texmf-dist/tex/latex/euenc/eu1enc.def
File: eu1enc.def 2010/01/28 v0.1f Experimental Unicode font encodings
)
LaTeX Font Info:    Try loading font information for EU1+lmr on input line 100.


(/usr/local/texlive/2009/texmf-dist/tex/latex/euenc/eu1lmr.fd
File: eu1lmr.fd 2009/10/30 v1.6 Font defs for Latin Modern
))
LaTeX Info: Redefining \itshape on input line 1163.
LaTeX Info: Redefining \slshape on input line 1166.
LaTeX Info: Redefining \scshape on input line 1169.
LaTeX Info: Redefining \upshape on input line 1172.

fontspec.cfg loaded.
(/usr/local/texlive/2009/texmf-dist/tex/xelatex/fontspec/fontspec.cfg))
(/usr/local/texlive/2009/texmf-dist/tex/xelatex/xltxtra/xltxtra.sty
Package: xltxtra 2009/12/26 v0.5b Improvements for the "XeLaTeX" format

(/usr/local/texlive/2009/texmf-dist/tex/xelatex/xunicode/xunicode.sty
File: xunicode.sty 2008/02/08 v0.91 provides access to latin accents and many o
ther characters in Unicode lower plane
)
(/usr/local/texlive/2009/texmf-dist/tex/latex/metalogo/metalogo.sty
Package: metalogo 2009/09/04 v0.11 Extended TeX logo macros
\xl@everylogo=\toks30
\xl@@everylogo=\toks31
LaTeX Info: Redefining \TeX on input line 193.
LaTeX Info: Redefining \LaTeX on input line 202.
LaTeX Info: Redefining \LaTeXe on input line 219.
)
(/usr/local/texlive/2009/texmf-dist/tex/latex/etex-pkg/etex.sty
Package: etex 1998/03/26 v2.0 eTeX basic definition package (PEB)
\et@xins=\count112
)
(/usr/local/texlive/2009/texmf-dist/tex/latex/base/fixltx2e.sty
Package: fixltx2e 2006/09/13 v1.1m fixes to LaTeX
LaTeX Info: Redefining \em on input line 420.
LaTeX Info: The control sequence `\[' is already robust on input line 471.
LaTeX Info: The control sequence `\]' is already robust on input line 472.
)
LaTeX Info: Redefining \em on input line 51.
LaTeX Info: Redefining \emph on input line 60.
LaTeX Info: Redefining \- on input line 65.
LaTeX Info: Redefining \textsubscript on input line 84.
LaTeX Info: Redefining \textsuperscript on input line 86.
\xxt@tempbox=\box29
)
\c@zf@famc@Times New Roman=\count113
Package fontspec Info: Defining font family for 'Times New Roman' with options 
[Mapping=tex-text,] on input line 50.
\c@zf@famc@Hei=\count114
Package fontspec Info: Defining font family for 'Hei' with options [Mapping=tex
-text,] on input line 51.
Package fontspec Info: Could not resolve font Hei/B (it might not exist) on inp
ut line 51.
Package fontspec Info: Could not resolve font Hei/I (it might not exist) on inp
ut line 51.
Package fontspec Info: Could not resolve font Hei/BI (it might not exist) on in
put line 51.
LaTeX Info: Redefining \H on input line 51.
\c@zf@famc@Kai=\count115
Package fontspec Info: Defining font family for 'Kai' with options [Mapping=tex
-text,] on input line 52.
Package fontspec Info: Could not resolve font Kai/B (it might not exist) on inp
ut line 52.
Package fontspec Info: Could not resolve font Kai/I (it might not exist) on inp
ut line 52.
Package fontspec Info: Could not resolve font Kai/BI (it might not exist) on in
put line 52.
\c@zf@famc@SimSun=\count116
Package fontspec Info: Defining font family for 'SimSun' with options [Mapping=
tex-text,Scale=0.9] on input line 53.
Package fontspec Info: Could not resolve font SimSun/B (it might not exist) on 
input line 53.
Package fontspec Info: Could not resolve font SimSun/I (it might not exist) on 
input line 53.
Package fontspec Info: Could not resolve font SimSun/BI (it might not exist) on
 input line 53.
\c@zf@famc@SimHei=\count117
Package fontspec Info: Defining font family for 'SimHei' with options [Mapping=
tex-text,Scale=0.9] on input line 54.
Package fontspec Info: Could not resolve font SimHei/B (it might not exist) on 
input line 54.
Package fontspec Info: Could not resolve font SimHei/I (it might not exist) on 
input line 54.
Package fontspec Info: Could not resolve font SimHei/BI (it might not exist) on
 input line 54.
\c@zf@famc@FangSong=\count118
Package fontspec Info: Defining font family for 'FangSong' with options [Mappin
g=tex-text,] on input line 55.
Package fontspec Info: Could not resolve font FangSong/B (it might not exist) o
n input line 55.
Package fontspec Info: Could not resolve font FangSong/I (it might not exist) o
n input line 55.
Package fontspec Info: Could not resolve font FangSong/BI (it might not exist) 
on input line 55.
\@indexfile=\write3
\openout3 = `main.idx'.


Writing index file main.idx
(./main.aux (./chpt0.aux) (./chpt1.aux) (./chpt2.aux) (./chpt3.aux)
(./chpt4.aux) (./chpt5.aux))
\openout1 = `main.aux'.

LaTeX Font Info:    Checking defaults for OML/cmm/m/it on input line 57.
LaTeX Font Info:    ... okay on input line 57.
LaTeX Font Info:    Checking defaults for T1/cmr/m/n on input line 57.
LaTeX Font Info:    ... okay on input line 57.
LaTeX Font Info:    Checking defaults for OT1/cmr/m/n on input line 57.
LaTeX Font Info:    ... okay on input line 57.
LaTeX Font Info:    Checking defaults for OMS/cmsy/m/n on input line 57.
LaTeX Font Info:    ... okay on input line 57.
LaTeX Font Info:    Checking defaults for OMX/cmex/m/n on input line 57.
LaTeX Font Info:    ... okay on input line 57.
LaTeX Font Info:    Checking defaults for U/cmr/m/n on input line 57.
LaTeX Font Info:    ... okay on input line 57.
LaTeX Font Info:    Checking defaults for EU1/lmr/m/n on input line 57.
LaTeX Font Info:    ... okay on input line 57.
LaTeX Font Info:    Try loading font information for U+msa on input line 57.

(/usr/local/texlive/2009/texmf-dist/tex/latex/amsfonts/umsa.fd
File: umsa.fd 2009/06/22 v3.00 AMS symbols A
)
LaTeX Font Info:    Try loading font information for U+msb on input line 57.

(/usr/local/texlive/2009/texmf-dist/tex/latex/amsfonts/umsb.fd
File: umsb.fd 2009/06/22 v3.00 AMS symbols B
)
*geometry* driver: auto-detecting
*geometry* detected driver: xetex
*geometry* verbose mode - [ preamble ] result:
* driver: xetex
* paper: a4paper
* layout: a4paper
* hratio: 1:1
* vratio: 1:1
* switch(es): twoside 
* h-part:(L,W,R)=(63.87643pt, 469.75499pt, 63.87645pt)
* v-part:(T,H,B)=(97.30843pt, 650.43pt, 97.30843pt)
* \paperwidth=597.50787pt
* \paperheight=845.04684pt
* \textwidth=469.75499pt
* \textheight=650.43pt
* \oddsidemargin=-8.39355pt
* \evensidemargin=-8.39354pt
* \topmargin=3.03844pt
* \headheight=8.0pt
* \headsep=14.0pt
* \footskip=18.0pt
* \marginparwidth=90.0pt
* \marginparsep=11.0pt
* \columnsep=10.0pt
* \skip\footins=7.0pt plus 11.0pt
* \hoffset=0.0pt
* \voffset=0.0pt
* \mag=1000
* \@twocolumnfalse
* \@twosidetrue
* \@mparswitchtrue
* \@reversemarginfalse
* (1in=72.27pt, 1cm=28.453pt)

Package fontspec Info: Adjusting the maths setup (use [no-math] to avoid this).
 on input line 57.
\symlegacymaths=\mathgroup6
LaTeX Font Info:    Overwriting symbol font `legacymaths' in version `bold'
(Font)                  OT1/cmr/m/n --> OT1/cmr/bx/n on input line 57.
LaTeX Font Info:    Redeclaring math accent \acute on input line 57.
LaTeX Font Info:    Redeclaring math accent \grave on input line 57.
LaTeX Font Info:    Redeclaring math accent \ddot on input line 57.
LaTeX Font Info:    Redeclaring math accent \tilde on input line 57.
LaTeX Font Info:    Redeclaring math accent \bar on input line 57.
LaTeX Font Info:    Redeclaring math accent \breve on input line 57.
LaTeX Font Info:    Redeclaring math accent \check on input line 57.
LaTeX Font Info:    Redeclaring math accent \hat on input line 57.
LaTeX Font Info:    Redeclaring math accent \dot on input line 57.
LaTeX Font Info:    Redeclaring math accent \mathring on input line 57.
LaTeX Font Info:    Redeclaring math symbol \Gamma on input line 57.
LaTeX Font Info:    Redeclaring math symbol \Delta on input line 57.
LaTeX Font Info:    Redeclaring math symbol \Theta on input line 57.
LaTeX Font Info:    Redeclaring math symbol \Lambda on input line 57.
LaTeX Font Info:    Redeclaring math symbol \Xi on input line 57.
LaTeX Font Info:    Redeclaring math symbol \Pi on input line 57.
LaTeX Font Info:    Redeclaring math symbol \Sigma on input line 57.
LaTeX Font Info:    Redeclaring math symbol \Upsilon on input line 57.
LaTeX Font Info:    Redeclaring math symbol \Phi on input line 57.
LaTeX Font Info:    Redeclaring math symbol \Psi on input line 57.
LaTeX Font Info:    Redeclaring math symbol \Omega on input line 57.
LaTeX Font Info:    Redeclaring math symbol \mathdollar on input line 57.
LaTeX Font Info:    Redeclaring symbol font `operators' on input line 57.
LaTeX Font Info:    Encoding `OT1' has changed to `EU1' for symbol font
(Font)              `operators' in the math version `normal' on input line 57.
LaTeX Font Info:    Overwriting symbol font `operators' in version `normal'
(Font)                  OT1/cmr/m/n --> EU1/lmr/m/n on input line 57.
LaTeX Font Info:    Encoding `OT1' has changed to `EU1' for symbol font
(Font)              `operators' in the math version `bold' on input line 57.
LaTeX Font Info:    Overwriting symbol font `operators' in version `bold'
(Font)                  OT1/cmr/bx/n --> EU1/lmr/m/n on input line 57.
LaTeX Font Info:    Overwriting symbol font `operators' in version `normal'
(Font)                  EU1/lmr/m/n --> EU1/lmr/m/n on input line 57.
LaTeX Font Info:    Overwriting math alphabet `\mathrm' in version `normal'
(Font)                  EU1/lmr/m/n --> EU1/lmr/m/n on input line 57.
LaTeX Font Info:    Overwriting math alphabet `\mathit' in version `normal'
(Font)                  OT1/cmr/m/it --> EU1/lmr/m/it on input line 57.
LaTeX Font Info:    Overwriting math alphabet `\mathbf' in version `normal'
(Font)                  OT1/cmr/bx/n --> EU1/lmr/bx/n on input line 57.
LaTeX Font Info:    Overwriting math alphabet `\mathsf' in version `normal'
(Font)                  OT1/cmss/m/n --> EU1/lmss/m/n on input line 57.
LaTeX Font Info:    Overwriting math alphabet `\mathtt' in version `normal'
(Font)                  OT1/cmtt/m/n --> EU1/lmtt/m/n on input line 57.
LaTeX Font Info:    Overwriting symbol font `operators' in version `bold'
(Font)                  EU1/lmr/m/n --> EU1/lmr/bx/n on input line 57.
LaTeX Font Info:    Overwriting math alphabet `\mathrm' in version `bold'
(Font)                  EU1/lmr/m/n --> EU1/lmr/bx/n on input line 57.
LaTeX Font Info:    Overwriting math alphabet `\mathit' in version `bold'
(Font)                  OT1/cmr/bx/it --> EU1/lmr/bx/it on input line 57.
LaTeX Font Info:    Overwriting math alphabet `\mathsf' in version `bold'
(Font)                  OT1/cmss/bx/n --> EU1/lmss/bx/n on input line 57.
LaTeX Font Info:    Overwriting math alphabet `\mathtt' in version `bold'
(Font)                  OT1/cmtt/m/n --> EU1/lmtt/bx/n on input line 57.
LaTeX Font Info:    Font shape `EU1/Kai(0)/bx/n' undefined
(Font)              using `EU1/Kai(0)/m/n' instead on input line 62.
LaTeX Font Info:    Font shape `EU1/SimHei(0)/m/n' will be
(Font)              scaled to size 15.55188pt on input line 62.
LaTeX Font Info:    Font shape `EU1/SimHei(0)/m/n' will be
(Font)              scaled to size 8.99994pt on input line 62.
[1




] [2]
\K 目录
(./main.toc
LaTeX Font Info:    Font shape `EU1/SimSun(0)/m/n' will be
(Font)              scaled to size 9.85492pt on input line 2.
)
\tf@toc=\write4
\openout4 = `main.toc'.

 [3


] [4


]
\openout2 = `chpt0.aux'.

 (./chpt0.tex
Chapter 1
LaTeX Font Info:    Font shape `EU1/FangSong(0)/bx/n' undefined
(Font)              using `EU1/FangSong(0)/m/n' instead on input line 1.
LaTeX Font Info:    Font shape `EU1/SimHei(0)/bx/n' undefined
(Font)              using `EU1/SimHei(0)/m/n' instead on input line 2.
LaTeX Font Info:    Font shape `EU1/SimHei(0)/m/n' will be
(Font)              scaled to size 9.85492pt on input line 2.
LaTeX Font Info:    Font shape `EU1/SimHei(0)/bx/n' will be
(Font)              scaled to size 9.85492pt on input line 2.
[1



]
LaTeX Font Info:    Font shape `EU1/SimHei(0)/m/n' will be
(Font)              scaled to size 7.19995pt on input line 67.
 [2] [3]
LaTeX Font Info:    Font shape `EU1/SimHei(0)/m/it' undefined
(Font)              using `EU1/SimHei(0)/m/n' instead on input line 121.
LaTeX Font Info:    Font shape `EU1/SimHei(0)/m/it' will be
(Font)              scaled to size 9.85492pt on input line 122.
LaTeX Font Info:    Font shape `EU1/SimSun(0)/m/n' will be
(Font)              scaled to size 7.19995pt on input line 166.
LaTeX Font Info:    Font shape `EU1/SimSun(0)/m/n' will be
(Font)              scaled to size 5.39996pt on input line 166.
 [4]) [5]
\openout2 = `chpt1.aux'.

 (./chpt1.tex [6




]
Chapter 2
LaTeX Font Info:    Font shape `EU1/SimSun(0)/bx/n' undefined
(Font)              using `EU1/SimSun(0)/m/n' instead on input line 1.
LaTeX Font Info:    Font shape `EU1/SimSun(0)/m/n' will be
(Font)              scaled to size 12.9599pt on input line 1.
LaTeX Font Info:    Font shape `EU1/SimSun(0)/bx/n' will be
(Font)              scaled to size 9.85492pt on input line 1.
[7]
File: 600px-Spherical_Coordinates.png Graphic file (type QTm)
 <use  "600px-Spherical_Coordinates.png" >
File: 600px-Cylindrical_with_grid.svg.png Graphic file (type QTm)

<use  "600px-Cylindrical_with_grid.svg.png" >
LaTeX Font Info:    Font shape `EU1/SimSun(0)/m/sc' undefined
(Font)              using `EU1/SimSun(0)/m/n' instead on input line 69.
 [8]
File: 352px-Angular_velocity.svg.png Graphic file (type QTm)

<use  "352px-Angular_velocity.svg.png" >
LaTeX Font Info:    Font shape `EU1/SimSun(0)/m/sc' will be
(Font)              scaled to size 9.85492pt on input line 146.
 [9]
File: frame_transform1.png Graphic file (type QTm)
 <use  "frame_transform1.png" >
[10]
File: frame_transform2.png Graphic file (type QTm)
 <use  "frame_transform2.png" > [11]) [12]
\openout2 = `chpt2.aux'.

 (./chpt2.tex
Chapter 3
LaTeX Font Info:    Font shape `EU1/SimSun(0)/bx/n' will be
(Font)              scaled to size 12.9599pt on input line 1.
[13




]
File: 308px-Harmonic_oscillator.svg.png Graphic file (type QTm)
 <use  "308px-Harmonic_oscillator.svg.png" > [14] [15] [16] [17] [18])
[19]
\openout2 = `chpt3.aux'.

 (./chpt3.tex [20




]
Chapter 4
[21] [22]
File: renchuan.png Graphic file (type QTm)
 <use  "renchuan.png" >
Missing character: There is no － in font [lmroman10-regular]:mapping=tex-text
!
 [23] [24] [25] [26]
File: PotentialEnergy_Gravitational2.png Graphic file (type QTm)

<use  "PotentialEnergy_Gravitational2.png" >
File: PotentialEnergy_Elastic.png Graphic file (type QTm)

<use  "PotentialEnergy_Elastic.png" >
File: PotentialEnergy_Gravitational1.png Graphic file (type QTm)

<use  "PotentialEnergy_Gravitational1.png" > [27]
File: PotentialEnergy_Intermolecular.png Graphic file (type QTm)

<use  "PotentialEnergy_Intermolecular.png" > [28] [29]
LaTeX Font Info:    Font shape `EU1/SimHei(0)/m/sc' undefined
(Font)              using `EU1/SimHei(0)/m/n' instead on input line 355.
LaTeX Font Info:    Font shape `EU1/SimSun(0)/m/it' undefined
(Font)              using `EU1/SimSun(0)/m/n' instead on input line 356.
LaTeX Font Info:    Font shape `EU1/SimHei(0)/m/sc' will be
(Font)              scaled to size 9.85492pt on input line 358.
 [30] [31]
Missing character: There is no 常 in font [lmroman10-regular]:mapping=tex-text
!
Missing character: There is no 矢 in font [lmroman10-regular]:mapping=tex-text
!
Missing character: There is no 量 in font [lmroman10-regular]:mapping=tex-text
!
 [32] [33]
[34]) [35] [36]
\openout2 = `chpt4.aux'.

 (./chpt4.tex
Chapter 5
) [37




]
\openout2 = `chpt5.aux'.

 (./chpt5.tex [38




]
Chapter 6

Underfull \hbox (badness 10000) in paragraph at lines 4--7

 []


Underfull \hbox (badness 10000) in paragraph at lines 13--15

 []


Underfull \hbox (badness 10000) in paragraph at lines 35--38

 []


Underfull \hbox (badness 10000) in paragraph at lines 38--44

 []


Underfull \hbox (badness 10000) in paragraph at lines 52--56

 []


Underfull \hbox (badness 10000) in paragraph at lines 52--56

 []

[39]
Underfull \hbox (badness 10000) in paragraph at lines 58--59

 []


Underfull \hbox (badness 10000) in paragraph at lines 84--87

 []

Missing character: There is no ， in font [lmroman10-regular]:mapping=tex-text
!

Underfull \hbox (badness 10000) in paragraph at lines 87--89

 []


Underfull \hbox (badness 10000) in paragraph at lines 93--96

 []


Underfull \hbox (badness 10000) in paragraph at lines 98--100

 []

[40]
Underfull \hbox (badness 10000) in paragraph at lines 102--104

 []


Underfull \hbox (badness 10000) in paragraph at lines 104--106

 []


Underfull \hbox (badness 10000) in paragraph at lines 112--115

 []


Underfull \hbox (badness 10000) in paragraph at lines 125--127

 []

[41]
Underfull \hbox (badness 10000) in paragraph at lines 150--153

 []


Underfull \hbox (badness 10000) in paragraph at lines 183--185

 []

[42] [43]

LaTeX Warning: Command \. invalid in math mode on input line 246.


LaTeX Warning: Command \. invalid in math mode on input line 247.

Missing character: There is no ̇ in font cmmi10!
Missing character: There is no ̇ in font cmmi10!
) [44] [45] (./main.aux (./chpt0.aux) (./chpt1.aux) (./chpt2.aux) (./chpt3.aux)
(./chpt4.aux) (./chpt5.aux))
LaTeX Font Info:    Some font shapes were not available, defaults substituted.
 ) 
Here is how much of TeX's memory you used:
 7153 strings out of 494581
 109808 string characters out of 3159624
 203219 words of memory out of 3000000
 10034 multiletter control sequences out of 15000+200000
 10862 words of font info for 89 fonts, out of 3000000 for 9000
 830 hyphenation exceptions out of 8191
 34i,21n,44p,472b,324s stack positions out of 5000i,500n,10000p,200000b,50000s

Output written on main.pdf (49 pages).
