This is pdfTeX, Version 3.1415926-1.40.10 (MiKTeX 2.8) (preloaded format=latex 2010.7.20)  23 JUL 2010 14:32
entering extended mode
**–˜¬€.ctx
(C:\li\–˜¬€.ctx
LaTeX2e <2009/09/24>
Babel <v3.8l> and hyphenation patterns for english, dumylang, nohyphenation, ge
rman, ngerman, german-x-2009-06-19, ngerman-x-2009-06-19, french, loaded.
(D:\¿Ó”¿œº\latex\CTEX\CTeX\tex\latex\cct\cctart.cls
Document Class: cctart 2004/10/14 Derived from the `article' class
(D:\¿Ó”¿œº\latex\CTEX\MiKTeX\tex\latex\base\article.cls
Document Class: article 2007/10/19 v1.4h Standard LaTeX document class
(D:\¿Ó”¿œº\latex\CTEX\MiKTeX\tex\latex\base\size10.clo
File: size10.clo 2007/10/19 v1.4h Standard LaTeX file (size option)
)
\c@part=\count79
\c@section=\count80
\c@subsection=\count81
\c@subsubsection=\count82
\c@paragraph=\count83
\c@subparagraph=\count84
\c@figure=\count85
\c@table=\count86
\abovecaptionskip=\skip41
\belowcaptionskip=\skip42
\bibindent=\dimen102
)
(D:\¿Ó”¿œº\latex\CTEX\CTeX\tex\latex\cct\cctbase.sty
Package: cctbase 2006/05/17

(D:\¿Ó”¿œº\latex\CTEX\CTeX\tex\latex\cct\CCT.sty 0.61803 [2009/11/20]
(D:\¿Ó”¿œº\latex\CTEX\CTeX\tex\latex\cct\cchead.sty
\!ZihaoNo=\count87
\ccwd=\dimen103
\ccht=\dimen104
\ccdp=\dimen105
\!ccbox=\box26
\!ccbdskip=\skip43
)
Package: CCT 2009/11/20 0.61803
\@CCTcnta=\count88
\@CCTcntb=\count89
\@CCTlastkern=\count90
\@CCTglue=\skip44
\@CCTtoks=\toks14

(D:\¿Ó”¿œº\latex\CTEX\CTeX\tex\latex\cct\CCT.cfg)
(D:\¿Ó”¿œº\latex\CTEX\CTeX\tex\latex\cct\GBKkern.cfg)
(D:\¿Ó”¿œº\latex\CTEX\CTeX\tex\latex\cct\clib256e.tbl)
\@CCTskip=\skip45
)))
No file ctextemp_–˜¬€.aux.
LaTeX Font Info:    Checking defaults for OML/cmm/m/it on input line 2.
LaTeX Font Info:    ... okay on input line 2.
LaTeX Font Info:    Checking defaults for T1/cmr/m/n on input line 2.
LaTeX Font Info:    ... okay on input line 2.
LaTeX Font Info:    Checking defaults for OT1/cmr/m/n on input line 2.
LaTeX Font Info:    ... okay on input line 2.
LaTeX Font Info:    Checking defaults for OMS/cmsy/m/n on input line 2.
LaTeX Font Info:    ... okay on input line 2.
LaTeX Font Info:    Checking defaults for OMX/cmex/m/n on input line 2.
LaTeX Font Info:    ... okay on input line 2.
LaTeX Font Info:    Checking defaults for U/cmr/m/n on input line 2.
LaTeX Font Info:    ... okay on input line 2.
LaTeX Font Info:    Try loading font information for OMS+cmr on input line 7.
(D:\¿Ó”¿œº\latex\CTEX\MiKTeX\tex\latex\base\omscmr.fd
File: omscmr.fd 1999/05/25 v2.5h Standard LaTeX font definitions
)
LaTeX Font Info:    Font shape `OMS/cmr/bx/n' in size <12> not available
(Font)              Font shape `OMS/cmsy/b/n' tried instead on input line 7.
LaTeX Font Info:    External font `cmex10' loaded for size
(Font)              <7> on input line 14.
LaTeX Font Info:    External font `cmex10' loaded for size
(Font)              <5> on input line 14.
 [1

]
Underfull \hbox (badness 10000) in paragraph at lines 43--46

 []


Underfull \hbox (badness 10000) in paragraph at lines 43--46

 []


Underfull \hbox (badness 10000) in paragraph at lines 61--62

 []

[2]
Overfull \hbox (11.49785pt too wide) in paragraph at lines 62--84
[] 
 []


Underfull \hbox (badness 10000) in paragraph at lines 62--84

 []

[3]
Underfull \hbox (badness 10000) in paragraph at lines 90--95

 []


Underfull \hbox (badness 10000) in paragraph at lines 95--95

 []


Underfull \hbox (badness 10000) in paragraph at lines 97--110

 []


Underfull \hbox (badness 10000) in paragraph at lines 97--110

 []

[4] [5] [6]
Underfull \hbox (badness 10000) in paragraph at lines 175--176

 []

[7]
Underfull \hbox (badness 10000) in paragraph at lines 176--179

 []

[8] (C:\li\ctextemp_–˜¬€.aux) ) 
Here is how much of TeX's memory you used:
 719 strings out of 495286
 8664 string characters out of 3180453
 73041 words of memory out of 3000000
 3979 multiletter control sequences out of 15000+200000
 5717 words of font info for 22 fonts, out of 3000000 for 9000
 14 hyphenation exceptions out of 8191
 29i,16n,23p,429b,210s stack positions out of 5000i,500n,10000p,200000b,50000s

Output written on ctextemp_–˜¬€.dvi (8 pages, 30880 bytes).
